<?xml version="1.0" encoding="UTF-8"?>
<!-- Generated by org.testng.reporters.JUnitXMLReporter -->
<testsuite hostname="ashrf" failures="0" tests="2" name="Default test" time="32.0" errors="0" timestamp="16 Feb 2019 12:58:00 GMT">
  <testcase classname="com.taybee.automation.webuitests.ngtests.Tables" name="fetchCellValue" time="20.95"/>
  <testcase classname="com.taybee.automation.webuitests.ngtests.Tables" name="fetchNumberOfRowsAndColumns" time="2.026"/>
</testsuite> <!-- Default test -->
