<?xml version="1.0" encoding="UTF-8"?>
<testng-results total="2" passed="2" failed="0" skipped="0">
  <reporter-output>
  </reporter-output>
  <suite started-at="2019-02-16T12:57:28Z" name="Default suite" finished-at="2019-02-16T12:58:00Z" duration-ms="32000">
    <groups>
    </groups>
    <test started-at="2019-02-16T12:57:28Z" name="Default test" finished-at="2019-02-16T12:58:00Z" duration-ms="32000">
      <class name="com.taybee.automation.webuitests.ngtests.Tables">
        <test-method is-config="true" signature="beforeTest()[pri:0, instance:com.taybee.automation.webuitests.ngtests.Tables@2638011]" started-at="2019-02-16T14:57:28Z" name="beforeTest" finished-at="2019-02-16T14:57:36Z" duration-ms="7577" status="PASS">
          <reporter-output>
          </reporter-output>
        </test-method> <!-- beforeTest -->
        <test-method signature="fetchCellValue()[pri:0, instance:com.taybee.automation.webuitests.ngtests.Tables@2638011]" started-at="2019-02-16T14:57:36Z" name="fetchCellValue" finished-at="2019-02-16T14:57:57Z" duration-ms="20950" status="PASS">
          <reporter-output>
          </reporter-output>
        </test-method> <!-- fetchCellValue -->
        <test-method signature="fetchNumberOfRowsAndColumns()[pri:0, instance:com.taybee.automation.webuitests.ngtests.Tables@2638011]" started-at="2019-02-16T14:57:57Z" name="fetchNumberOfRowsAndColumns" finished-at="2019-02-16T14:57:59Z" duration-ms="2026" status="PASS">
          <reporter-output>
          </reporter-output>
        </test-method> <!-- fetchNumberOfRowsAndColumns -->
        <test-method is-config="true" signature="afterTest()[pri:0, instance:com.taybee.automation.webuitests.ngtests.Tables@2638011]" started-at="2019-02-16T14:57:59Z" name="afterTest" finished-at="2019-02-16T14:58:00Z" duration-ms="1428" status="PASS">
          <reporter-output>
          </reporter-output>
        </test-method> <!-- afterTest -->
      </class> <!-- com.taybee.automation.webuitests.ngtests.Tables -->
    </test> <!-- Default test -->
  </suite> <!-- Default suite -->
</testng-results>
